[2026-06-28 00:07:00] [INFO] [auto_runner] === CHECKING FOR CHANGES: GAME 822794 ===
[2026-06-28 00:07:01] [INFO] [bullpen_collector] [Bullpen] Mengambil data market harian dari Bullpen CLI...
[2026-06-28 00:07:12] [INFO] [bullpen_collector] [SKIP] Philadelphia Phillies @ New York Mets sudah dimulai atau dalam 30 menit (7:10 PM ET)
[2026-06-28 00:07:12] [INFO] [bullpen_collector] [SKIP] Chicago Cubs @ Milwaukee Brewers sudah dimulai atau dalam 30 menit (7:45 PM ET)
[2026-06-28 00:07:12] [INFO] [bullpen_collector] [SKIP] Atlanta Braves @ San Francisco Giants sudah dimulai atau dalam 30 menit (10:15 PM ET)
[2026-06-28 00:07:12] [INFO] [bullpen_collector] [SKIP] Los Angeles Dodgers @ San Diego Padres sudah dimulai atau dalam 30 menit (9:45 PM ET)
[2026-06-28 00:07:12] [INFO] [bullpen_collector] [SKIP] Cincinnati Reds @ Pittsburgh Pirates sudah dimulai atau dalam 30 menit (6:40 PM ET)
[2026-06-28 00:07:12] [INFO] [bullpen_collector] [SKIP] Oakland Athletics @ Los Angeles Angels sudah dimulai atau dalam 30 menit (9:38 PM ET)
[2026-06-28 00:07:12] [INFO] [bullpen_collector] [SKIP] Texas Rangers @ Toronto Blue Jays sudah dimulai atau dalam 30 menit (7:07 PM ET)
[2026-06-28 00:07:12] [INFO] [bullpen_collector] [SKIP] Arizona Diamondbacks @ Tampa Bay Rays sudah dimulai atau dalam 30 menit (7:10 PM ET)
[2026-06-28 00:07:12] [INFO] [bullpen_collector] [SKIP] Houston Astros @ Detroit Tigers sudah dimulai atau dalam 30 menit (6:40 PM ET)
[2026-06-28 00:07:12] [INFO] [bullpen_collector] [SKIP] Seattle Mariners @ Cleveland Guardians sudah dimulai atau dalam 30 menit (7:10 PM ET)
[2026-06-28 00:07:12] [INFO] [bullpen_collector] [SKIP] Houston Astros @ Detroit Tigers sudah dimulai atau dalam 30 menit (1:10 PM ET)
[2026-06-28 00:07:12] [INFO] [bullpen_collector] [SKIP] Miami Marlins @ St. Louis Cardinals sudah dimulai atau dalam 30 menit (8:15 PM ET)
[2026-06-28 00:07:12] [INFO] [bullpen_collector] [SKIP] Washington Nationals @ Baltimore Orioles sudah dimulai atau dalam 30 menit (7:05 PM ET)
[2026-06-28 00:07:12] [INFO] [bullpen_collector] [SKIP] Colorado Rockies @ Minnesota Twins sudah dimulai atau dalam 30 menit (8:10 PM ET)
[2026-06-28 00:07:12] [INFO] [bullpen_collector] [SKIP] New York Yankees @ Boston Red Sox sudah dimulai atau dalam 30 menit (7:10 PM ET)
[2026-06-28 00:07:12] [INFO] [bullpen_collector] [SKIP] New York Yankees @ Boston Red Sox sudah dimulai atau dalam 30 menit (1:10 PM ET)
[2026-06-28 00:07:12] [INFO] [bullpen_collector] [SKIP] Kansas City Royals @ Chicago White Sox sudah dimulai atau dalam 30 menit (7:40 PM ET)
[2026-06-28 00:07:12] [INFO] [bullpen_collector] [SKIP] Arizona Diamondbacks @ St. Louis Cardinals sudah dimulai atau dalam 30 menit (7:45 PM ET)
[2026-06-28 00:07:12] [INFO] [bullpen_collector] [SKIP] New York Mets @ San Francisco Giants sudah dimulai atau dalam 30 menit (9:45 PM ET)
[2026-06-28 00:07:12] [INFO] [bullpen_collector] [SKIP] Tampa Bay Rays @ Boston Red Sox sudah dimulai atau dalam 30 menit (4:10 PM ET)
[2026-06-28 00:07:12] [INFO] [bullpen_collector] [SKIP] San Francisco Giants @ Atlanta Braves sudah dimulai atau dalam 30 menit (7:15 PM ET)
[2026-06-28 00:07:12] [INFO] [bullpen_collector] [SKIP] Tampa Bay Rays @ Minnesota Twins sudah dimulai atau dalam 30 menit (4:10 PM ET)
[2026-06-28 00:07:12] [INFO] [bullpen_collector] [SKIP] Atlanta Braves @ Arizona Diamondbacks sudah dimulai atau dalam 30 menit (9:40 PM ET)
[2026-06-28 00:07:12] [INFO] [bullpen_collector] [SKIP] Atlanta Braves @ Chicago White Sox sudah dimulai atau dalam 30 menit (7:40 PM ET)
[2026-06-28 00:07:12] [INFO] [bullpen_collector] [SKIP] Boston Red Sox @ New York Yankees sudah dimulai atau dalam 30 menit (7:35 PM ET)
[2026-06-28 00:07:12] [INFO] [bullpen_collector] [SKIP] Toronto Blue Jays @ Chicago Cubs sudah dimulai atau dalam 30 menit (2:20 PM ET)
[2026-06-28 00:07:12] [INFO] [bullpen_collector] [SKIP] St. Louis Cardinals @ Cincinnati Reds sudah dimulai atau dalam 30 menit (1:40 PM ET)
[2026-06-28 00:07:12] [INFO] [bullpen_collector] [SKIP] Toronto Blue Jays @ Chicago White Sox sudah dimulai atau dalam 30 menit (4:10 PM ET)
[2026-06-28 00:07:13] [INFO] [auto_runner] No changes detected for 822794, skipping revision.
[2026-06-28 01:10:00] [INFO] [auto_runner] === CHECKING FOR CHANGES: GAME 823609 ===
[2026-06-28 01:10:00] [INFO] [auto_runner] === CHECKING FOR CHANGES: GAME 824581 ===
[2026-06-28 01:10:01] [INFO] [bullpen_collector] [Bullpen] Mengambil data market harian dari Bullpen CLI...
[2026-06-28 01:10:01] [INFO] [bullpen_collector] [Bullpen] Mengambil data market harian dari Bullpen CLI...
[2026-06-28 01:10:10] [INFO] [bullpen_collector] [SKIP] Philadelphia Phillies @ New York Mets sudah dimulai atau dalam 30 menit (7:10 PM ET)
[2026-06-28 01:10:10] [INFO] [bullpen_collector] [SKIP] Chicago Cubs @ Milwaukee Brewers sudah dimulai atau dalam 30 menit (7:45 PM ET)
[2026-06-28 01:10:10] [INFO] [bullpen_collector] [SKIP] Atlanta Braves @ San Francisco Giants sudah dimulai atau dalam 30 menit (10:15 PM ET)
[2026-06-28 01:10:10] [INFO] [bullpen_collector] [SKIP] Houston Astros @ Detroit Tigers sudah dimulai atau dalam 30 menit (1:10 PM ET)
[2026-06-28 01:10:10] [INFO] [bullpen_collector] [SKIP] Los Angeles Dodgers @ San Diego Padres sudah dimulai atau dalam 30 menit (9:45 PM ET)
[2026-06-28 01:10:10] [INFO] [bullpen_collector] [SKIP] Cincinnati Reds @ Pittsburgh Pirates sudah dimulai atau dalam 30 menit (6:40 PM ET)
[2026-06-28 01:10:10] [INFO] [bullpen_collector] [SKIP] Oakland Athletics @ Los Angeles Angels sudah dimulai atau dalam 30 menit (9:38 PM ET)
[2026-06-28 01:10:10] [INFO] [bullpen_collector] [SKIP] Texas Rangers @ Toronto Blue Jays sudah dimulai atau dalam 30 menit (7:07 PM ET)
[2026-06-28 01:10:10] [INFO] [bullpen_collector] [SKIP] Arizona Diamondbacks @ Tampa Bay Rays sudah dimulai atau dalam 30 menit (7:10 PM ET)
[2026-06-28 01:10:10] [INFO] [bullpen_collector] [SKIP] Houston Astros @ Detroit Tigers sudah dimulai atau dalam 30 menit (6:40 PM ET)
[2026-06-28 01:10:10] [INFO] [bullpen_collector] [SKIP] Seattle Mariners @ Cleveland Guardians sudah dimulai atau dalam 30 menit (7:10 PM ET)
[2026-06-28 01:10:10] [INFO] [bullpen_collector] [SKIP] Miami Marlins @ St. Louis Cardinals sudah dimulai atau dalam 30 menit (8:15 PM ET)
[2026-06-28 01:10:10] [INFO] [bullpen_collector] [SKIP] Washington Nationals @ Baltimore Orioles sudah dimulai atau dalam 30 menit (7:05 PM ET)
[2026-06-28 01:10:10] [INFO] [bullpen_collector] [SKIP] Colorado Rockies @ Minnesota Twins sudah dimulai atau dalam 30 menit (8:10 PM ET)
[2026-06-28 01:10:10] [INFO] [bullpen_collector] [SKIP] New York Yankees @ Boston Red Sox sudah dimulai atau dalam 30 menit (1:10 PM ET)
[2026-06-28 01:10:10] [INFO] [bullpen_collector] [SKIP] New York Yankees @ Boston Red Sox sudah dimulai atau dalam 30 menit (7:10 PM ET)
[2026-06-28 01:10:10] [INFO] [bullpen_collector] [SKIP] Kansas City Royals @ Chicago White Sox sudah dimulai atau dalam 30 menit (7:40 PM ET)
[2026-06-28 01:10:10] [INFO] [bullpen_collector] [SKIP] Arizona Diamondbacks @ St. Louis Cardinals sudah dimulai atau dalam 30 menit (7:45 PM ET)
[2026-06-28 01:10:10] [INFO] [bullpen_collector] [SKIP] New York Mets @ San Francisco Giants sudah dimulai atau dalam 30 menit (9:45 PM ET)
[2026-06-28 01:10:10] [INFO] [bullpen_collector] [SKIP] Tampa Bay Rays @ Minnesota Twins sudah dimulai atau dalam 30 menit (4:10 PM ET)
[2026-06-28 01:10:10] [INFO] [bullpen_collector] [SKIP] San Francisco Giants @ Atlanta Braves sudah dimulai atau dalam 30 menit (7:15 PM ET)
[2026-06-28 01:10:10] [INFO] [bullpen_collector] [SKIP] Atlanta Braves @ Arizona Diamondbacks sudah dimulai atau dalam 30 menit (9:40 PM ET)
[2026-06-28 01:10:10] [INFO] [bullpen_collector] [SKIP] Atlanta Braves @ Chicago White Sox sudah dimulai atau dalam 30 menit (7:40 PM ET)
[2026-06-28 01:10:10] [INFO] [bullpen_collector] [SKIP] Boston Red Sox @ New York Yankees sudah dimulai atau dalam 30 menit (7:35 PM ET)
[2026-06-28 01:10:10] [INFO] [bullpen_collector] [SKIP] Toronto Blue Jays @ Chicago Cubs sudah dimulai atau dalam 30 menit (2:20 PM ET)
[2026-06-28 01:10:10] [INFO] [bullpen_collector] [SKIP] Tampa Bay Rays @ Boston Red Sox sudah dimulai atau dalam 30 menit (4:10 PM ET)
[2026-06-28 01:10:10] [INFO] [bullpen_collector] [SKIP] St. Louis Cardinals @ Cincinnati Reds sudah dimulai atau dalam 30 menit (1:40 PM ET)
[2026-06-28 01:10:10] [INFO] [bullpen_collector] [SKIP] Toronto Blue Jays @ Chicago White Sox sudah dimulai atau dalam 30 menit (4:10 PM ET)
[2026-06-28 01:10:10] [INFO] [bullpen_collector] [SKIP] Philadelphia Phillies @ New York Mets sudah dimulai atau dalam 30 menit (7:10 PM ET)
[2026-06-28 01:10:10] [INFO] [bullpen_collector] [SKIP] Chicago Cubs @ Milwaukee Brewers sudah dimulai atau dalam 30 menit (7:45 PM ET)
[2026-06-28 01:10:10] [INFO] [bullpen_collector] [SKIP] Atlanta Braves @ San Francisco Giants sudah dimulai atau dalam 30 menit (10:15 PM ET)
[2026-06-28 01:10:10] [INFO] [bullpen_collector] [SKIP] Houston Astros @ Detroit Tigers sudah dimulai atau dalam 30 menit (1:10 PM ET)
[2026-06-28 01:10:10] [INFO] [bullpen_collector] [SKIP] Los Angeles Dodgers @ San Diego Padres sudah dimulai atau dalam 30 menit (9:45 PM ET)
[2026-06-28 01:10:10] [INFO] [bullpen_collector] [SKIP] Cincinnati Reds @ Pittsburgh Pirates sudah dimulai atau dalam 30 menit (6:40 PM ET)
[2026-06-28 01:10:11] [INFO] [bullpen_collector] [SKIP] Oakland Athletics @ Los Angeles Angels sudah dimulai atau dalam 30 menit (9:38 PM ET)
[2026-06-28 01:10:11] [INFO] [bullpen_collector] [SKIP] Texas Rangers @ Toronto Blue Jays sudah dimulai atau dalam 30 menit (7:07 PM ET)
[2026-06-28 01:10:11] [INFO] [bullpen_collector] [SKIP] Arizona Diamondbacks @ Tampa Bay Rays sudah dimulai atau dalam 30 menit (7:10 PM ET)
[2026-06-28 01:10:11] [INFO] [bullpen_collector] [SKIP] Houston Astros @ Detroit Tigers sudah dimulai atau dalam 30 menit (6:40 PM ET)
[2026-06-28 01:10:11] [INFO] [bullpen_collector] [SKIP] Seattle Mariners @ Cleveland Guardians sudah dimulai atau dalam 30 menit (7:10 PM ET)
[2026-06-28 01:10:11] [INFO] [bullpen_collector] [SKIP] Miami Marlins @ St. Louis Cardinals sudah dimulai atau dalam 30 menit (8:15 PM ET)
[2026-06-28 01:10:11] [INFO] [bullpen_collector] [SKIP] Washington Nationals @ Baltimore Orioles sudah dimulai atau dalam 30 menit (7:05 PM ET)
[2026-06-28 01:10:11] [INFO] [bullpen_collector] [SKIP] Colorado Rockies @ Minnesota Twins sudah dimulai atau dalam 30 menit (8:10 PM ET)
[2026-06-28 01:10:11] [INFO] [bullpen_collector] [SKIP] New York Yankees @ Boston Red Sox sudah dimulai atau dalam 30 menit (1:10 PM ET)
[2026-06-28 01:10:11] [INFO] [bullpen_collector] [SKIP] New York Yankees @ Boston Red Sox sudah dimulai atau dalam 30 menit (7:10 PM ET)
[2026-06-28 01:10:11] [INFO] [bullpen_collector] [SKIP] Kansas City Royals @ Chicago White Sox sudah dimulai atau dalam 30 menit (7:40 PM ET)
[2026-06-28 01:10:11] [INFO] [bullpen_collector] [SKIP] Arizona Diamondbacks @ St. Louis Cardinals sudah dimulai atau dalam 30 menit (7:45 PM ET)
[2026-06-28 01:10:11] [INFO] [bullpen_collector] [SKIP] New York Mets @ San Francisco Giants sudah dimulai atau dalam 30 menit (9:45 PM ET)
[2026-06-28 01:10:11] [INFO] [bullpen_collector] [SKIP] Tampa Bay Rays @ Minnesota Twins sudah dimulai atau dalam 30 menit (4:10 PM ET)
[2026-06-28 01:10:11] [INFO] [bullpen_collector] [SKIP] San Francisco Giants @ Atlanta Braves sudah dimulai atau dalam 30 menit (7:15 PM ET)
[2026-06-28 01:10:11] [INFO] [bullpen_collector] [SKIP] Atlanta Braves @ Arizona Diamondbacks sudah dimulai atau dalam 30 menit (9:40 PM ET)
[2026-06-28 01:10:11] [INFO] [bullpen_collector] [SKIP] Atlanta Braves @ Chicago White Sox sudah dimulai atau dalam 30 menit (7:40 PM ET)
[2026-06-28 01:10:11] [INFO] [bullpen_collector] [SKIP] Boston Red Sox @ New York Yankees sudah dimulai atau dalam 30 menit (7:35 PM ET)
[2026-06-28 01:10:11] [INFO] [bullpen_collector] [SKIP] Toronto Blue Jays @ Chicago Cubs sudah dimulai atau dalam 30 menit (2:20 PM ET)
[2026-06-28 01:10:11] [INFO] [bullpen_collector] [SKIP] Tampa Bay Rays @ Boston Red Sox sudah dimulai atau dalam 30 menit (4:10 PM ET)
[2026-06-28 01:10:11] [INFO] [bullpen_collector] [SKIP] St. Louis Cardinals @ Cincinnati Reds sudah dimulai atau dalam 30 menit (1:40 PM ET)
[2026-06-28 01:10:11] [INFO] [bullpen_collector] [SKIP] Toronto Blue Jays @ Chicago White Sox sudah dimulai atau dalam 30 menit (4:10 PM ET)
[2026-06-28 01:10:12] [INFO] [auto_runner] Perubahan terdeteksi: Starting pitcher diganti. Menjalankan re-analisis.
[2026-06-28 01:10:12] [INFO] [auto_runner] No changes detected for 824581, skipping revision.
[2026-06-28 01:10:16] [INFO] [main] [34m[0/4] Memproses hasil pertandingan kemarin...
[2026-06-28 01:10:17] [INFO] [result_fetcher] [INFO] Menemukan 20 game tertunda. Mengambil skor...
[2026-06-28 01:10:19] [INFO] [result_fetcher] [INFO] Game 824424 belum Final. Status: DI
[2026-06-28 01:10:20] [INFO] [result_fetcher] [INFO] Game 824911 belum Final. Status: DR
[2026-06-28 01:10:21] [INFO] [result_fetcher] [INFO] Game 824664 belum Final. Status: DI
[2026-06-28 01:10:22] [INFO] [result_fetcher] [INFO] Game 823613 belum Final. Status: DR
[2026-06-28 01:10:23] [INFO] [result_fetcher] [INFO] Game 823042 belum Final. Status: DI
[2026-06-28 01:10:26] [INFO] [result_fetcher] [INFO] Game 822794 dibatalkan/ditunda. Status: Void.
[2026-06-28 01:10:27] [INFO] [result_fetcher] [INFO] Game 823364 dibatalkan/ditunda. Status: Void.
[2026-06-28 01:10:28] [INFO] [result_fetcher] [INFO] Game 823609 dibatalkan/ditunda. Status: Void.
[2026-06-28 01:10:29] [INFO] [result_fetcher] [INFO] Game 824581 dibatalkan/ditunda. Status: Void.
[2026-06-28 01:10:31] [INFO] [result_fetcher] [INFO] Game 822960 dibatalkan/ditunda. Status: Void.
[2026-06-28 01:10:35] [INFO] [result_fetcher] [INFO] Game 823689 dibatalkan/ditunda. Status: Void.
[2026-06-28 01:10:39] [INFO] [result_fetcher] [DB] Performa harian 2026-06-27 diupdate: 0.0% WR (0W - 0L)
[2026-06-28 01:10:40] [INFO] [main] [36m  📊 Hasil kemarin: 0/5 prediksi benar (0.0%)

[2026-06-28 01:10:40] [INFO] [main] [34m[1/4] Mengambil jadwal pertandingan MLB...
[2026-06-28 01:10:42] [INFO] [main] [32mDitemukan 1 pertandingan.

[2026-06-28 01:10:42] [INFO] [main] [34m[2/4] Menganalisis pasar Polymarket & Statistik...
[2026-06-28 01:10:42] [INFO] [main] [33m  (1/1) Menganalisis: Philadelphia Phillies @ New York Mets...
[2026-06-28 01:10:58] [INFO] [main] 
[36m┏━━━━━━━━━━━━━━━━━━━━━━━━━━━━━━━━━━━━━━━━━━━━━━━━┓
[36m┃  Philadelphia Phillies @ New York Mets | 2026-06-27  ┃
[36m┣━━━━━━━━━━━━━━━━━━━━━━━━━━━━━━━━━━━━━━━━━━━━━━━━┫
┃ 📊 Bullpen.fi O/U Line  : [36m8.5
┃ 🎯 Bot Expected Runs    : [35m7.49
┃ 📈 Recommendation       : [36mUNDER ✅
┃ 🔥 Confidence           : [33m[1mMEDIUM ⚡
┃ 📡 Sumber odds          : [37mBullpen CLI
[36m┣━━━━━━━━━━━━━━━━━━━━━━━━━━━━━━━━━━━━━━━━━━━━━━━━┫
┃ [1m📋 KEY FACTORS:[0m
┃  • Kontrol buruk (BB/9 4.2): +0.3 run
┃  • Inning pendek (rata-rata 4.8 IP): +0.2 run (
┃  • WHIP rendah (0.99): -0.3 run
┃  • Kontrol elit (BB/9 1.78): -0.3 run
┃  • Inning pendek (rata-rata 1.3 IP): +0.2 run (
┃  💪 Offense lemah (OPS 0.672): -0.3 run
┃  ⚾ Home Momentum (NEUTRAL Offense, STRUGGLING P
┃  • Kelembaban/Hujan (91% / 33%): +0.1 run (grip
[36m┗━━━━━━━━━━━━━━━━━━━━━━━━━━━━━━━━━━━━━━━━━━━━━━━━┛
[2026-06-28 01:10:58] [INFO] [main] 💾 Prediksi disimpan
[2026-06-28 01:10:59] [INFO] [main] [3/4] Menghasilkan Daily Summary...
[2026-06-28 01:10:59] [INFO] [main] ============================================================
[2026-06-28 01:10:59] [INFO] [main] 
GAME                      | LINE   | PROJ   | REC        | CONF
---------------------------------------------------------------
Philadelphia Phillies @ N | 8.5    | 7.49   | UNDER ✅    | MEDIUM ⚡
[2026-06-28 01:10:59] [INFO] [main] ============================================================
[2026-06-28 01:11:00] [INFO] [telegram_sender] [Telegram] Pesan berhasil dikirim ke 6862116565
[2026-06-28 01:11:03] [INFO] [telegram_sender] [Telegram] Pesan berhasil dikirim ke 6862116565
[2026-06-28 01:11:06] [INFO] [telegram_sender] [Telegram] Pesan berhasil dikirim ke 6862116565
[2026-06-28 01:11:06] [INFO] [main] [4/4] Analisis Selesai! Gunakan data ini dengan bijak.
[2026-06-28 03:10:00] [INFO] [auto_runner] === CHECKING FOR CHANGES: GAME 822960 ===
[2026-06-28 03:10:02] [INFO] [bullpen_collector] [Bullpen] Mengambil data market harian dari Bullpen CLI...
[2026-06-28 03:10:12] [INFO] [bullpen_collector] [SKIP] Philadelphia Phillies @ New York Mets sudah dimulai atau dalam 30 menit (7:10 PM ET)
[2026-06-28 03:10:12] [INFO] [bullpen_collector] [SKIP] Chicago Cubs @ Milwaukee Brewers sudah dimulai atau dalam 30 menit (7:45 PM ET)
[2026-06-28 03:10:12] [INFO] [bullpen_collector] [SKIP] Houston Astros @ Detroit Tigers sudah dimulai atau dalam 30 menit (1:10 PM ET)
[2026-06-28 03:10:12] [INFO] [bullpen_collector] [SKIP] Atlanta Braves @ San Francisco Giants sudah dimulai atau dalam 30 menit (10:15 PM ET)
[2026-06-28 03:10:12] [INFO] [bullpen_collector] [SKIP] Los Angeles Dodgers @ San Diego Padres sudah dimulai atau dalam 30 menit (9:45 PM ET)
[2026-06-28 03:10:12] [INFO] [bullpen_collector] [SKIP] Oakland Athletics @ Los Angeles Angels sudah dimulai atau dalam 30 menit (9:38 PM ET)
[2026-06-28 03:10:12] [INFO] [bullpen_collector] [SKIP] Cincinnati Reds @ Pittsburgh Pirates sudah dimulai atau dalam 30 menit (6:40 PM ET)
[2026-06-28 03:10:12] [INFO] [bullpen_collector] [SKIP] New York Yankees @ Boston Red Sox sudah dimulai atau dalam 30 menit (1:10 PM ET)
[2026-06-28 03:10:12] [INFO] [bullpen_collector] [SKIP] Cincinnati Reds @ Pittsburgh Pirates sudah dimulai atau dalam 30 menit (4:05 PM ET)
[2026-06-28 03:10:12] [INFO] [bullpen_collector] [SKIP] Texas Rangers @ Toronto Blue Jays sudah dimulai atau dalam 30 menit (3:07 PM ET)
[2026-06-28 03:10:12] [INFO] [bullpen_collector] [SKIP] Houston Astros @ Detroit Tigers sudah dimulai atau dalam 30 menit (6:40 PM ET)
[2026-06-28 03:10:12] [INFO] [bullpen_collector] [SKIP] Seattle Mariners @ Cleveland Guardians sudah dimulai atau dalam 30 menit (7:10 PM ET)
[2026-06-28 03:10:12] [INFO] [bullpen_collector] [SKIP] Miami Marlins @ St. Louis Cardinals sudah dimulai atau dalam 30 menit (8:15 PM ET)
[2026-06-28 03:10:12] [INFO] [bullpen_collector] [SKIP] Texas Rangers @ Toronto Blue Jays sudah dimulai atau dalam 30 menit (7:07 PM ET)
[2026-06-28 03:10:12] [INFO] [bullpen_collector] [SKIP] Arizona Diamondbacks @ Tampa Bay Rays sudah dimulai atau dalam 30 menit (7:10 PM ET)
[2026-06-28 03:10:12] [INFO] [bullpen_collector] [SKIP] Washington Nationals @ Baltimore Orioles sudah dimulai atau dalam 30 menit (7:05 PM ET)
[2026-06-28 03:10:12] [INFO] [bullpen_collector] [SKIP] Colorado Rockies @ Minnesota Twins sudah dimulai atau dalam 30 menit (8:10 PM ET)
[2026-06-28 03:10:12] [INFO] [bullpen_collector] [SKIP] New York Yankees @ Boston Red Sox sudah dimulai atau dalam 30 menit (7:10 PM ET)
[2026-06-28 03:10:12] [INFO] [bullpen_collector] [SKIP] Kansas City Royals @ Chicago White Sox sudah dimulai atau dalam 30 menit (4:10 PM ET)
[2026-06-28 03:10:12] [INFO] [bullpen_collector] [SKIP] Philadelphia Phillies @ New York Mets sudah dimulai atau dalam 30 menit (4:10 PM ET)
[2026-06-28 03:10:12] [INFO] [bullpen_collector] [SKIP] Kansas City Royals @ Chicago White Sox sudah dimulai atau dalam 30 menit (7:40 PM ET)
[2026-06-28 03:10:12] [INFO] [bullpen_collector] [SKIP] Arizona Diamondbacks @ St. Louis Cardinals sudah dimulai atau dalam 30 menit (7:45 PM ET)
[2026-06-28 03:10:12] [INFO] [bullpen_collector] [SKIP] New York Mets @ San Francisco Giants sudah dimulai atau dalam 30 menit (9:45 PM ET)
[2026-06-28 03:10:12] [INFO] [bullpen_collector] [SKIP] Tampa Bay Rays @ Minnesota Twins sudah dimulai atau dalam 30 menit (4:10 PM ET)
[2026-06-28 03:10:12] [INFO] [bullpen_collector] [SKIP] San Francisco Giants @ Atlanta Braves sudah dimulai atau dalam 30 menit (7:15 PM ET)
[2026-06-28 03:10:12] [INFO] [bullpen_collector] [SKIP] Atlanta Braves @ Arizona Diamondbacks sudah dimulai atau dalam 30 menit (9:40 PM ET)
[2026-06-28 03:10:12] [INFO] [bullpen_collector] [SKIP] Boston Red Sox @ New York Yankees sudah dimulai atau dalam 30 menit (7:35 PM ET)
[2026-06-28 03:10:12] [INFO] [bullpen_collector] [SKIP] Atlanta Braves @ Chicago White Sox sudah dimulai atau dalam 30 menit (7:40 PM ET)
[2026-06-28 03:10:12] [INFO] [bullpen_collector] [SKIP] Toronto Blue Jays @ Chicago Cubs sudah dimulai atau dalam 30 menit (2:20 PM ET)
[2026-06-28 03:10:12] [INFO] [bullpen_collector] [SKIP] Tampa Bay Rays @ Boston Red Sox sudah dimulai atau dalam 30 menit (4:10 PM ET)
[2026-06-28 03:10:14] [INFO] [auto_runner] No changes detected for 822960, skipping revision.
